<?xml version="1.0" encoding="UTF-8"?>
<!-- Generated by org.testng.reporters.JUnitXMLReporter -->
<testsuite ignored="3" hostname="DESKTOP-0R7RGQQ" failures="0" tests="1" name="Default test" time="10.677" errors="0" timestamp="2024-03-29T22:21:23 IST">
  <testcase classname="com.TestPackage.LoginTestCase" name="LoginPageLink" time="5.157"/>
  <testcase classname="com.TestPackage.LoginTestCase" name="NextPageTitle" time="0.0">
    <ignored/>
  </testcase> <!-- NextPageTitle -->
  <testcase classname="com.TestPackage.LoginTestCase" name="method" time="0.0">
    <ignored/>
  </testcase> <!-- method -->
  <testcase classname="com.TestPackage.LoginTestCase" name="LoginTest" time="0.0">
    <ignored/>
  </testcase> <!-- LoginTest -->
</testsuite> <!-- Default test -->
