<?xml version="1.0" encoding="UTF-8"?>
<testng-results ignored="0" total="1" passed="1" failed="0" skipped="0">
  <reporter-output>
  </reporter-output>
  <suite started-at="2024-03-30T13:19:02 IST" name="Default suite" finished-at="2024-03-30T13:19:29 IST" duration-ms="27193">
    <groups>
    </groups>
    <test started-at="2024-03-30T13:19:02 IST" name="Default test" finished-at="2024-03-30T13:19:29 IST" duration-ms="27193">
      <class name="com.TestPackage.AdmSysUserTestCase">
        <test-method is-config="true" signature="setUp()[pri:0, instance:com.TestPackage.AdmSysUserTestCase@1a6d8329]" started-at="2024-03-30T13:19:02 IST" name="setUp" finished-at="2024-03-30T13:19:14 IST" duration-ms="11437" status="PASS">
          <reporter-output>
          </reporter-output>
        </test-method> <!-- setUp -->
        <test-method is-config="true" signature="tearDown()[pri:0, instance:com.TestPackage.AdmSysUserTestCase@1a6d8329]" started-at="2024-03-30T13:19:14 IST" name="tearDown" finished-at="2024-03-30T13:19:14 IST" duration-ms="4" status="PASS">
          <reporter-output>
          </reporter-output>
        </test-method> <!-- tearDown -->
        <test-method signature="AdmSysUser()[pri:0, instance:com.TestPackage.AdmSysUserTestCase@1a6d8329]" started-at="2024-03-30T13:19:14 IST" name="AdmSysUser" finished-at="2024-03-30T13:19:29 IST" duration-ms="15560" status="PASS">
          <reporter-output>
          </reporter-output>
        </test-method> <!-- AdmSysUser -->
      </class> <!-- com.TestPackage.AdmSysUserTestCase -->
    </test> <!-- Default test -->
  </suite> <!-- Default suite -->
</testng-results>
