<?xml version="1.0" encoding="UTF-8"?>
<testng-results ignored="3" total="4" passed="1" failed="0" skipped="0">
  <reporter-output>
  </reporter-output>
  <suite started-at="2024-03-29T22:21:12 IST" name="Default suite" finished-at="2024-03-29T22:21:23 IST" duration-ms="10677">
    <groups>
    </groups>
    <test started-at="2024-03-29T22:21:12 IST" name="Default test" finished-at="2024-03-29T22:21:23 IST" duration-ms="10677">
      <class name="com.TestPackage.LoginTestCase">
        <test-method is-config="true" signature="setUp()[pri:0, instance:com.TestPackage.LoginTestCase@738dc9b]" started-at="2024-03-29T22:21:12 IST" name="setUp" finished-at="2024-03-29T22:21:17 IST" duration-ms="5405" status="PASS">
          <reporter-output>
          </reporter-output>
        </test-method> <!-- setUp -->
        <test-method is-config="true" signature="tearDown()[pri:0, instance:com.TestPackage.LoginTestCase@738dc9b]" started-at="2024-03-29T22:21:17 IST" name="tearDown" finished-at="2024-03-29T22:21:17 IST" duration-ms="3" status="PASS">
          <reporter-output>
          </reporter-output>
        </test-method> <!-- tearDown -->
        <test-method signature="LoginPageLink()[pri:0, instance:com.TestPackage.LoginTestCase@738dc9b]" started-at="2024-03-29T22:21:17 IST" name="LoginPageLink" finished-at="2024-03-29T22:21:23 IST" duration-ms="5157" status="PASS">
          <reporter-output>
          </reporter-output>
        </test-method> <!-- LoginPageLink -->
      </class> <!-- com.TestPackage.LoginTestCase -->
    </test> <!-- Default test -->
  </suite> <!-- Default suite -->
</testng-results>
